<?xml version="1.0" encoding="UTF-8"?>
<testng-results ignored="0" total="1" passed="1" failed="0" skipped="0">
  <reporter-output>
    <line>
      <![CDATA[CreateCustomer]]>
    </line>
  </reporter-output>
  <suite started-at="2024-01-06T16:43:11 IST" name="Default suite" finished-at="2024-01-06T16:43:11 IST" duration-ms="45">
    <groups>
    </groups>
    <test started-at="2024-01-06T16:43:11 IST" name="Default test" finished-at="2024-01-06T16:43:11 IST" duration-ms="45">
      <class name="com.actitime.testscrpit.CreateModule">
        <test-method signature="CreateCustomer()[pri:0, instance:com.actitime.testscrpit.CreateModule@6379eb]" started-at="2024-01-06T16:43:11 IST" name="CreateCustomer" finished-at="2024-01-06T16:43:11 IST" duration-ms="11" status="PASS">
          <reporter-output>
            <line>
              <![CDATA[CreateCustomer]]>
            </line>
          </reporter-output>
        </test-method> <!-- CreateCustomer -->
      </class> <!-- com.actitime.testscrpit.CreateModule -->
    </test> <!-- Default test -->
  </suite> <!-- Default suite -->
</testng-results>
